2025-03-31 22:20:48 - INFO - 所有模組導入成功
2025-03-31 22:20:49 - INFO - 創建新參與者：Party_0，IP：225.138.208.172
2025-03-31 22:20:49 - INFO - 創建新參與者：Party_1，IP：235.164.144.226
2025-03-31 22:20:49 - INFO - 創建新參與者：Party_2，IP：233.101.55.218
2025-03-31 22:20:49 - INFO - 創建新參與者：Party_3，IP：38.17.124.195
2025-03-31 22:20:49 - INFO - 創建新參與者：Party_4，IP：219.22.240.35
2025-03-31 22:20:49 - DEBUG - 添加參與者 Party_1 的公鑰
2025-03-31 22:20:49 - DEBUG - 添加參與者 Party_2 的公鑰
2025-03-31 22:20:49 - DEBUG - 添加參與者 Party_3 的公鑰
2025-03-31 22:20:49 - DEBUG - 添加參與者 Party_4 的公鑰
2025-03-31 22:20:49 - DEBUG - 添加參與者 Party_0 的公鑰
2025-03-31 22:20:49 - DEBUG - 添加參與者 Party_2 的公鑰
2025-03-31 22:20:49 - DEBUG - 添加參與者 Party_3 的公鑰
2025-03-31 22:20:49 - DEBUG - 添加參與者 Party_4 的公鑰
2025-03-31 22:20:49 - DEBUG - 添加參與者 Party_0 的公鑰
2025-03-31 22:20:49 - DEBUG - 添加參與者 Party_1 的公鑰
2025-03-31 22:20:49 - DEBUG - 添加參與者 Party_3 的公鑰
2025-03-31 22:20:49 - DEBUG - 添加參與者 Party_4 的公鑰
2025-03-31 22:20:49 - DEBUG - 添加參與者 Party_0 的公鑰
2025-03-31 22:20:49 - DEBUG - 添加參與者 Party_1 的公鑰
2025-03-31 22:20:49 - DEBUG - 添加參與者 Party_2 的公鑰
2025-03-31 22:20:49 - DEBUG - 添加參與者 Party_4 的公鑰
2025-03-31 22:20:49 - DEBUG - 添加參與者 Party_0 的公鑰
2025-03-31 22:20:49 - DEBUG - 添加參與者 Party_1 的公鑰
2025-03-31 22:20:49 - DEBUG - 添加參與者 Party_2 的公鑰
2025-03-31 22:20:49 - DEBUG - 添加參與者 Party_3 的公鑰
2025-03-31 22:20:49 - INFO - 初始化區塊鏈，參與者數量：5
2025-03-31 22:20:49 - DEBUG - 創建新區塊 0，包含 0 筆交易
2025-03-31 22:20:49 - INFO - 區塊 0 挖礦成功，耗時：0.00秒，嘗試次數：45
2025-03-31 22:20:49 - INFO - 創建創世區塊成功：0091725f4d3cdf3a...
2025-03-31 22:20:49 - INFO - 開始運行區塊鏈模擬器...
2025-03-31 22:20:49 - DEBUG - 創建新交易：Party_4 -> Party_2，金額：64
2025-03-31 22:20:49 - DEBUG - 交易簽名成功：7bbf4928b96222b6...
2025-03-31 22:20:49 - INFO - 參與者 Party_4 創建新交易
2025-03-31 22:20:49 - DEBUG - 新交易已加入交易池：{'sender': 'Party_4', 'receiver': 'Party_2', 'value': 64, 'timestamp': 1743430849.277742, 'signature': '7bbf4928b96222b6169da690bc577283f3aa672e40ba178043297f36e78f59f80c97d08d550099c4692fa6b8c0ad5c107e602c95f88319c04f38e93b09090f8ece84afa7a243b3a752b8543155263dce55226dd400a4e3af0385ef73b885408e82e4623efce3c38a15c4ea3add5fc7d9895cc8efdd012afa51b6c4947243c31856c54b5b200d56b86b8d1801d4554fd181b7dca04cf19432710bcb0e2d63512aaf7f1b729b67c50ab96b47c82a173607a9e8957f5b2cc002a702d7c7d14e4f20e1168753c00ee8d934f0e2552c4e26ea22ec71daad58d11c312faf6cad1c8ab0f22468b87ec23c0b0685bafa4a8fa7630075c14c8d54ea8e0a4796e6e85a2ef9'}
2025-03-31 22:20:49 - DEBUG - 等待 6.61 秒...
2025-03-31 22:20:55 - DEBUG - 創建新交易：Party_2 -> Party_3，金額：76
2025-03-31 22:20:55 - DEBUG - 交易簽名成功：02c49814e90dcf25...
2025-03-31 22:20:55 - INFO - 參與者 Party_2 創建新交易
2025-03-31 22:20:55 - DEBUG - 新交易已加入交易池：{'sender': 'Party_2', 'receiver': 'Party_3', 'value': 76, 'timestamp': 1743430855.889161, 'signature': '02c49814e90dcf252d422c3af5d02a3b766fd9926a239bcbb9878556e2aff11708b0c72868e89700045146e65997aa8fa7c239a4ebc3233fd53d0f8579213d344aa345703f351576ee3a1ba7959ced3517e5500755fc76d4e990d06682256f59957dfe44e548e93d5c5c8fa4c31ae1bf5da7651323d26514c3bf8e78a92caf24ff3cb0e7c9d3c872f2269fe21adffbd377615411be9a6215c2cb1f3addee65d49fd753fc84715d7b84852576ef6dd27e1ea69b1a856d41d914bf47646616d68d44bbc38b6a3f5af764f4c5e9a5d8592b5df5d033e17d0fcb0ca17aca55f9d303a17ec4d48f61cf50e3c9f13d4ed42eacacb5cec672222c8ee3c20472f4840805'}
2025-03-31 22:20:55 - DEBUG - 等待 5.48 秒...
2025-03-31 22:21:01 - DEBUG - 創建新交易：Party_2 -> Party_0，金額：80
2025-03-31 22:21:01 - DEBUG - 交易簽名成功：6259429938471857...
2025-03-31 22:21:01 - INFO - 參與者 Party_2 創建新交易
2025-03-31 22:21:01 - DEBUG - 新交易已加入交易池：{'sender': 'Party_2', 'receiver': 'Party_0', 'value': 80, 'timestamp': 1743430861.3697395, 'signature': '6259429938471857bf3dfa81599facf8a8051d83b4a52e4b885ee1dc2be121f9b52f494df323676358459333a6deddc87e1339a1d7206de5635199cd544d3572d5276e4168e09f4bfab56edcca8a80dd307c79e701985d971d79cf418924512ac5ad408ea1bf1ce3dd03344bd54722b5e759edb6905cef5e337dd2ad83011b81e6148d0a8f7d355f5ff6033baf3f81a89e336c1cea1b79503ad6187a9955d680ec8e94444cf7e919f51638463b5affcc31fc71789f8327458f8818c5ef7d261091e140d636e6b20f3603ce1469e9ed858b5cc5fd29937e6fff61becbfa6656c579f40c411aa6aabdfba0c796a79e2d357b7b894c9064dfeba4daa0975e7b06b3'}
2025-03-31 22:21:01 - DEBUG - 等待 12.49 秒...
2025-03-31 22:21:13 - DEBUG - 參與者 Party_2 的交易冷卻時間未到
2025-03-31 22:21:13 - DEBUG - 等待 2.66 秒...
2025-03-31 22:21:16 - DEBUG - 創建新交易：Party_0 -> Party_2，金額：85
2025-03-31 22:21:16 - DEBUG - 交易簽名成功：6ea2359f44f839f8...
2025-03-31 22:21:16 - INFO - 參與者 Party_0 創建新交易
2025-03-31 22:21:16 - DEBUG - 新交易已加入交易池：{'sender': 'Party_0', 'receiver': 'Party_2', 'value': 85, 'timestamp': 1743430876.53226, 'signature': '6ea2359f44f839f8cecc75c7862f6c6006c7c0e737d05b3ffd1552fe41d1f6f6ee2cf293cdad3db041fabc4a112925dd48a5be31827f95e150921b9159c59785cc2ca3aa98eb5d7ed5f7817b05aac7e14075cff123f60d26a469693660720a1c8f35487493601561a7e58782c787dc38b0f94e82ade5e11ade4f2a8236563be87afec1ca08e9cd53787754def53256ad9030f3919b161c73e765c61aef9d1e44b296bd09520ad7a59fe0bec0b503830ca46b54545da513872f737cdc3de3b9c90851a41b36648d79109ec391c985b00fea073653a48ceb072461ba90a2ab044496b750a3a58a883fd0e8937aab6ffe16f9a0b8e7eea66218c8e8b22cefa99bdf'}
2025-03-31 22:21:16 - DEBUG - 等待 2.77 秒...
2025-03-31 22:21:19 - DEBUG - 創建新交易：Party_2 -> Party_4，金額：41
2025-03-31 22:21:19 - DEBUG - 交易簽名成功：3d2f8b6c6a606ea4...
2025-03-31 22:21:19 - INFO - 參與者 Party_2 創建新交易
2025-03-31 22:21:19 - DEBUG - 新交易已加入交易池：{'sender': 'Party_2', 'receiver': 'Party_4', 'value': 41, 'timestamp': 1743430879.3135347, 'signature': '3d2f8b6c6a606ea4dc2feea1365dcd64bd7ca6cdb871c3a22f12493fbb0f4303217abbc3a99af55570875889aaa4893062aca1e03b78c43dfa05624caef1448a0662d0441c5da196cafc1a8b001ba73793ab46977d67f3f17d79a901c1806641ca6bff7ee5da7ca70f18c10da68176b874803cc4ce4da67284b119316531c9c1d49983e60dcc4879bfc1703a95915bd48bbec142a34757a34ae21dc1c2506ccb47d4a8a3a1a448f096ec26701a70d0172f92e51610fca38bfbf08134108e64aed7e60f616f8f4503f91cb17cc62abec933af44bd0d07c87c38436f95a99e5550bc70c8363f84d9f79bbc3ce42b03d479bce5b9e05072025c83937652c0466e53'}
2025-03-31 22:21:19 - DEBUG - 觸發挖礦條件：交易池已滿
2025-03-31 22:21:19 - DEBUG - 創建新區塊 1，包含 5 筆交易
2025-03-31 22:21:19 - INFO - 礦工 Party_3 (IP: 38.17.124.195) 開始挖礦區塊 1...
2025-03-31 22:21:19 - INFO - 區塊 1 挖礦成功，耗時：0.01秒，嘗試次數：273
2025-03-31 22:21:19 - DEBUG - 區塊 1 驗證成功
2025-03-31 22:21:19 - INFO - 區塊 1 挖礦並驗證成功
2025-03-31 22:21:19 - INFO - 嘗試添加區塊 1 到區塊鏈
2025-03-31 22:21:19 - DEBUG - 區塊 1 驗證成功
2025-03-31 22:21:19 - INFO - 成功添加區塊 1 到區塊鏈
2025-03-31 22:21:19 - INFO - 區塊 1 已添加到區塊鏈
2025-03-31 22:21:19 - DEBUG - 等待 2.08 秒...
2025-03-31 22:21:21 - DEBUG - 創建新交易：Party_1 -> Party_0，金額：84
2025-03-31 22:21:21 - DEBUG - 交易簽名成功：282b94dd68e6fe6a...
2025-03-31 22:21:21 - INFO - 參與者 Party_1 創建新交易
2025-03-31 22:21:21 - DEBUG - 新交易已加入交易池：{'sender': 'Party_1', 'receiver': 'Party_0', 'value': 84, 'timestamp': 1743430881.4174178, 'signature': '282b94dd68e6fe6ae6f98755fe1236db85cd2196048edfa7ef6f66706eb86c0de79be2e9e9114f8a567fd2b93083114e18c7c7a0bdd11b176496a89f5df66aebe66c738c4476164f4dcc75e8113944f36bcafb15292a0b75273ff324cce86c13d16895698f41df976d1c3b3e953706fbcd754215f7baa29c0bd3dcc0fb72aae2a6015966101b060d44e3b28af70f0e9f610bce5ab46dbe8ba9502880bae926515741ed949fe57277398c0fc6a690f8519d6c18e134aa7cebe6731a88fcc477661f544c2ef867c0fa5c786abb9215c1bc9c0e10c6c816be62b417a86efe8157b8f9d6747badca78d5ef53c18169c4e20913e9f3446bbe6e0d1c6962f89b1537fb'}
2025-03-31 22:21:21 - DEBUG - 等待 8.26 秒...
2025-03-31 22:21:29 - DEBUG - 創建新交易：Party_4 -> Party_0，金額：81
2025-03-31 22:21:29 - DEBUG - 交易簽名成功：3f6c033c52a18141...
2025-03-31 22:21:29 - INFO - 參與者 Party_4 創建新交易
2025-03-31 22:21:29 - DEBUG - 新交易已加入交易池：{'sender': 'Party_4', 'receiver': 'Party_0', 'value': 81, 'timestamp': 1743430889.6887126, 'signature': '3f6c033c52a18141fd00b5349b77778b2b98c3723289e5e219e0e3de997f774504f0c39edb4c69dc8d615939d91d3e4ee3992119ca3b4b7265de73aab8dd4c703df0ce5f8cca449be0ac6fbef7050ffb8554774667d956361b35a2b9e15e391b17462611975f7bb3871e5fc49ea196f0906e601dfc94eee95a7dfe08694d28c76827843304399fae7d01c96db2344ee767865774527cd28765d9a46a45f8485007cb5ed1c7149aae39681772951c7b876b404c8ba2698b3e11c4821058a788f9100a32918d93bfdf91f1ad48de3e064aa60e88588a00cdbf1c3ddb36e818f77dd504fc7c7f934461e16066072ad4559813cb7029262631b20d498a81d1c65467'}
2025-03-31 22:21:29 - DEBUG - 等待 3.27 秒...
2025-03-31 22:21:32 - DEBUG - 創建新交易：Party_3 -> Party_0，金額：95
2025-03-31 22:21:32 - DEBUG - 交易簽名成功：35f07e9dc0edff13...
2025-03-31 22:21:32 - INFO - 參與者 Party_3 創建新交易
2025-03-31 22:21:32 - DEBUG - 新交易已加入交易池：{'sender': 'Party_3', 'receiver': 'Party_0', 'value': 95, 'timestamp': 1743430892.960734, 'signature': '35f07e9dc0edff13a8636f2509d4efda1788b1642c2349f44a283a52971a6ff0a522e11b5f3e1df8e8e52089cb40991afe77b74b7d5ab3a95c1eb5dad4441c6b3a0b860c5f814abb55bfb9d73a95a9d61aaf0aa54f7f02e507e889116ec1f6129a908e1c2061eaac1dde907bde75097e70b75cfbd6d0c006cd319d5917fe5a28f3a03d052cdbe1c0fd4b24c4c96528626ae5f43ed2d4b23d386827b7ec9a565c63fbc5dbbe364d240017141c6c8982ce2be6cd7ee1433548838117f95392cd97b4bb76eb86ce8067efb345e35571d553b15a4f919cbdd65a6057ebb4d9b273c88d9956660b756047a41a021f82e3c06bb59b2f20f1b367c60ebcf8cfc3e06421'}
2025-03-31 22:21:32 - DEBUG - 等待 4.97 秒...
2025-03-31 22:21:37 - DEBUG - 創建新交易：Party_4 -> Party_1，金額：28
2025-03-31 22:21:37 - DEBUG - 交易簽名成功：08136d129a23d4f1...
2025-03-31 22:21:37 - INFO - 參與者 Party_4 創建新交易
2025-03-31 22:21:37 - DEBUG - 新交易已加入交易池：{'sender': 'Party_4', 'receiver': 'Party_1', 'value': 28, 'timestamp': 1743430897.9312706, 'signature': '08136d129a23d4f107570cebd13f86a2b1b6afff078c7cae0b9306a2715b9c1fa351520982446f2304f970742220daee813955072dcb6f8aa3510974be41e4e4a0d33b1e97910a99240a073ace5540f7334ada8654d75b7c11d72a545315cf57b6bc2ca048c55a475289483618f4e503e43c6a622b6067dac8e5321fd0d3e174557bba7bcb239dc9fd3fe1ac5b80ad838daf9ebb4a72bba9070352d0a291d88413316471b290ed5aa569ec2d0dc9dae24528c41a32df13f94ab9e3e9a802d42cab981a1cc7b83eac2c33bd80dbe491a4773a4a13624ef781a4017e626b42a9f6841dc7e92da0a6dd0801e5058b88e173aeafb9c392c08619153be0e1521eb255'}
2025-03-31 22:21:37 - DEBUG - 等待 9.39 秒...
2025-03-31 22:21:47 - DEBUG - 創建新交易：Party_1 -> Party_0，金額：41
2025-03-31 22:21:47 - DEBUG - 交易簽名成功：0678e2da6b34d89c...
2025-03-31 22:21:47 - INFO - 參與者 Party_1 創建新交易
2025-03-31 22:21:47 - DEBUG - 新交易已加入交易池：{'sender': 'Party_1', 'receiver': 'Party_0', 'value': 41, 'timestamp': 1743430907.3261874, 'signature': '0678e2da6b34d89c4fb855281df0f51b4eaf55d186591f5a23f7dc6b93bce546b92fec3e452aaea7faf8f95a122473807fd51e6fea6e8ae7a4a2adcb120c818969170d880ede833b60e67613c36c0fb207d8a5194d9c73f2f21b906175c120ed7bca7cb926a96ed9b0b0396499dbfd089d7f1f14780a0687facfdcd5798be71063d8e4df71e0ca3a1cce6089f4c664ebb657d73113ac7337d6e7dcfcdda6fef1f927cc177ab714d67149ba7c5270b9d354b2c2ebb2120eaf8e41f97e3d287baa3a8d172429eb5980104076c643a9be6d9c242cc6893560a1923577ac1e0f510444a12eae30aeee08b9fec858ed668724d9ef5186f156a015c500d13236fa5ac6'}
2025-03-31 22:21:47 - DEBUG - 觸發挖礦條件：交易池已滿
2025-03-31 22:21:47 - DEBUG - 創建新區塊 2，包含 5 筆交易
2025-03-31 22:21:47 - INFO - 礦工 Party_3 (IP: 38.17.124.195) 開始挖礦區塊 2...
2025-03-31 22:21:47 - INFO - 區塊 2 挖礦成功，耗時：0.00秒，嘗試次數：145
2025-03-31 22:21:47 - DEBUG - 區塊 2 驗證成功
2025-03-31 22:21:47 - INFO - 區塊 2 挖礦並驗證成功
2025-03-31 22:21:47 - INFO - 嘗試添加區塊 2 到區塊鏈
2025-03-31 22:21:47 - DEBUG - 區塊 2 驗證成功
2025-03-31 22:21:47 - INFO - 成功添加區塊 2 到區塊鏈
2025-03-31 22:21:47 - INFO - 區塊 2 已添加到區塊鏈
2025-03-31 22:21:47 - INFO - 開始驗證區塊鏈...
2025-03-31 22:21:47 - DEBUG - 區塊 1 驗證成功
2025-03-31 22:21:47 - DEBUG - 區塊 2 驗證成功
2025-03-31 22:21:47 - INFO - 區塊鏈驗證成功
2025-03-31 22:21:47 - DEBUG - 等待 15.79 秒...
2025-03-31 22:22:03 - DEBUG - 創建新交易：Party_3 -> Party_1，金額：10
2025-03-31 22:22:03 - DEBUG - 交易簽名成功：17ef6b42cbc6de16...
2025-03-31 22:22:03 - INFO - 參與者 Party_3 創建新交易
2025-03-31 22:22:03 - DEBUG - 新交易已加入交易池：{'sender': 'Party_3', 'receiver': 'Party_1', 'value': 10, 'timestamp': 1743430923.1250901, 'signature': '17ef6b42cbc6de1633e9f75779da20ecd840a3a148920e7aaa60fddf819e3ae7097d136162f763e560380f9187d3db7ecf52981df6db27a5e9f98c007d1a4504190be8ce5fd44e8a1550a6268c3e72eef819b731db2ee3eeedaa1afbde600a49074f37e0b3e9b5d209af7a51d5322f6497054f1bff5f7e308f4f05fa4a59b852965f2fb3373629811c1a1d6915fb72c7e965dc50fc1821f5dc1189eb9cf1922fcc9b3903612f47af52cad10c31c06db11e290d3d12c214741bcd341af51dfa58d9e4166c3ecaf40b89badd5f5456c905f76d4f61f2c109dc38f4091fcba5247eee0f6561ff68841d6ac79709c2f5f38af51d000084197de241b2bb7353728a54'}
2025-03-31 22:22:03 - DEBUG - 等待 2.60 秒...
2025-03-31 22:22:05 - DEBUG - 創建新交易：Party_2 -> Party_0，金額：19
2025-03-31 22:22:05 - DEBUG - 交易簽名成功：645f46de396b5d81...
2025-03-31 22:22:05 - INFO - 參與者 Party_2 創建新交易
2025-03-31 22:22:05 - DEBUG - 新交易已加入交易池：{'sender': 'Party_2', 'receiver': 'Party_0', 'value': 19, 'timestamp': 1743430925.7329404, 'signature': '645f46de396b5d819e59f997f8b3806c7e10e796adf67aa0f9333603bb7559ac3145c4f992c0ce34bf3013b1bd67d20c36e9f2f0feb99d61cfa6307bfea93bdf62bb115afa6b3fc77e0d079fb292c109159bc819ec9bcc5a77e47056e4761de0c3de220983641b724c3ca42d3e013c60f91ef87b4196aa318454baa5089a6360752e14dae6515d469596a0c7d1117277c46d5286cddc9107015a400cbef007b86eff8a2fed84637283feadd36f8219d82f1149ee47b1d880ab6e0544c98c766a53b8f0b178a3b40aef23686b34b77505abd0d6a7c60884f7c8c21e61fc03e96e7489544e7e3e14b4a8d814858349ef176e6de60e05725ee6024c7cdef1f86a6b'}
2025-03-31 22:22:05 - DEBUG - 等待 13.80 秒...
2025-03-31 22:22:19 - DEBUG - 創建新交易：Party_4 -> Party_3，金額：86
2025-03-31 22:22:19 - DEBUG - 交易簽名成功：a92a6301700b8a14...
2025-03-31 22:22:19 - INFO - 參與者 Party_4 創建新交易
2025-03-31 22:22:19 - DEBUG - 新交易已加入交易池：{'sender': 'Party_4', 'receiver': 'Party_3', 'value': 86, 'timestamp': 1743430939.5445364, 'signature': 'a92a6301700b8a14a33aba53cc9ff2e01d0f23ff5c090209f4b913171dcbfde7df9d81093186760e5471306ce61d1037981723f429f456467ec4a325d9de2152321dfb60fc412ae180e250d8ac43b8f57303b9ae44c03292687d91a224febdaf662361bf206d914186fbaec97cd62d7d948b3e1b7da8b14315532b6e5f04d86b49463d3ecb606b7bb9c6ce56eacf17b08ac9fc829f9e463279d1dd54b4f15dfe77b8221e2fd89f0c3e0f10d2d16c57f7f418cb74f9aababb583a66a4985b856741183434c4cc5eb67e15efd688cf27309a92cfd5ed5fa86c10d2bed9d8a347a93031dd92d5edbceb04d6753a7d40a296bc7747068dae416dfd8718da290a5929'}
2025-03-31 22:22:19 - DEBUG - 等待 8.29 秒...
2025-03-31 22:22:27 - DEBUG - 創建新交易：Party_1 -> Party_2，金額：34
2025-03-31 22:22:27 - DEBUG - 交易簽名成功：aa479a146dcf959c...
2025-03-31 22:22:27 - INFO - 參與者 Party_1 創建新交易
2025-03-31 22:22:27 - DEBUG - 新交易已加入交易池：{'sender': 'Party_1', 'receiver': 'Party_2', 'value': 34, 'timestamp': 1743430947.8389235, 'signature': 'aa479a146dcf959cf295f5a4906da0d8907ede5d269f118455a93d7431c30b35cb441cfdeb225d58a15c8cf68a53220a688fad4b24f2658cb6ca2663fd11403847814ba513d689ae63d893a795c51f302020b59c9081d78fd17c6d15aec144d03ca5490c839a18e1b7af73b6441f5e61c31a9e07d75df798ff9e5e5b28386c3510eee6e27364a2d452e63343669a68202c751e5fc732135a38b95127933c2e0c70c4276fd7a27d07c41ad11f4d90e12bfcc16fec1b5431214530fcf75d79c479251e8772a47dacae47293c1a9a3cecb9b61cbabb3aec9b0f53f3e93a65a8b7128716e6e08d7b7095c40c184c787535f355328b8ddf498d7486bb5c03ef1d4ef4'}
2025-03-31 22:22:27 - DEBUG - 等待 11.44 秒...
2025-03-31 22:22:39 - DEBUG - 創建新交易：Party_3 -> Party_0，金額：52
2025-03-31 22:22:39 - DEBUG - 交易簽名成功：053a9470fb54d181...
2025-03-31 22:22:39 - INFO - 參與者 Party_3 創建新交易
2025-03-31 22:22:39 - DEBUG - 新交易已加入交易池：{'sender': 'Party_3', 'receiver': 'Party_0', 'value': 52, 'timestamp': 1743430959.2878902, 'signature': '053a9470fb54d1812365733ad4b0cced6f5ceea92f48c1296db542e83e8699a7c033840c0861ce29f7851afa03b75fe27368fd2d067b9f6598ff34a0a6e512ce27ba20894f20b3b86850f6f937bdd0cc02af7c3b4502db47803708a5df4a7c961cfee9aa9f333b3b657b229e7fc5ac623a7005f1a3b8d8dda66728090333de5cf1da3d59aa9b6c9b7bd834a8c6185fbfef0f4ae2eb33b8154fd29d5af9bd535e10cccf14cf692455d154de5fea8e3c8f70f1708420b141fe0ae297c99a299e1629cec33d28eacee0b9bcc88efae15654dbd7065ed8d3fca3676d1e5fdf237f000178aed925b1a734568b963b442c33bc099da9bf1816861bca74251f521cdb0a'}
2025-03-31 22:22:39 - DEBUG - 觸發挖礦條件：交易池已滿
2025-03-31 22:22:39 - DEBUG - 創建新區塊 3，包含 5 筆交易
2025-03-31 22:22:39 - INFO - 礦工 Party_3 (IP: 38.17.124.195) 開始挖礦區塊 3...
2025-03-31 22:22:39 - INFO - 區塊 3 挖礦成功，耗時：0.01秒，嘗試次數：350
2025-03-31 22:22:39 - DEBUG - 區塊 3 驗證成功
2025-03-31 22:22:39 - INFO - 區塊 3 挖礦並驗證成功
2025-03-31 22:22:39 - INFO - 嘗試添加區塊 3 到區塊鏈
2025-03-31 22:22:39 - DEBUG - 區塊 3 驗證成功
2025-03-31 22:22:39 - INFO - 成功添加區塊 3 到區塊鏈
2025-03-31 22:22:39 - INFO - 區塊 3 已添加到區塊鏈
2025-03-31 22:22:39 - DEBUG - 等待 5.57 秒...
2025-03-31 22:22:44 - DEBUG - 創建新交易：Party_1 -> Party_2，金額：52
2025-03-31 22:22:44 - DEBUG - 交易簽名成功：8de49045020cfc10...
2025-03-31 22:22:44 - INFO - 參與者 Party_1 創建新交易
2025-03-31 22:22:44 - DEBUG - 新交易已加入交易池：{'sender': 'Party_1', 'receiver': 'Party_2', 'value': 52, 'timestamp': 1743430964.8795998, 'signature': '8de49045020cfc10c3a9a2ea08589ef694e8cd5f0c51134db682507ea6090d6063af6cd64aa5276e95201846bf604f977364f94622ae59a9d7dd677cf0df3ac1e3469e1abe0633274567e082062fdc9a3e7fae1d70abc99d4eb13b3cf21bb241131d8d9f4e2eeb8008d8545b16d2233598687f86ace9a442736a9facb84f62706b16a44d732ecd04036648d5db19060881021ab0ea2c4f37ffe50eaab9a114b985be221f8b72f168c11554d66bb63d0e59f640b6c20d0ed2f5184045a6ffa239e0bd492deb6331adafe20cd3680e08d73bb5c41fcdadffbf3dade7f87853751385e351fce1a6039fd2e62c4d5ab1ab3f2b5c158af98981e734db91a067e9b828'}
2025-03-31 22:22:44 - INFO - 開始驗證區塊鏈...
2025-03-31 22:22:44 - DEBUG - 區塊 1 驗證成功
2025-03-31 22:22:44 - DEBUG - 區塊 2 驗證成功
2025-03-31 22:22:44 - DEBUG - 區塊 3 驗證成功
2025-03-31 22:22:44 - INFO - 區塊鏈驗證成功
2025-03-31 22:22:44 - DEBUG - 等待 4.01 秒...
2025-03-31 22:22:48 - DEBUG - 參與者 Party_1 的交易冷卻時間未到
2025-03-31 22:22:48 - DEBUG - 等待 3.27 秒...
2025-03-31 22:22:52 - DEBUG - 創建新交易：Party_2 -> Party_4，金額：14
2025-03-31 22:22:52 - DEBUG - 交易簽名成功：6be109a7adc42de8...
2025-03-31 22:22:52 - INFO - 參與者 Party_2 創建新交易
2025-03-31 22:22:52 - DEBUG - 新交易已加入交易池：{'sender': 'Party_2', 'receiver': 'Party_4', 'value': 14, 'timestamp': 1743430972.1627495, 'signature': '6be109a7adc42de89b1384b63a39109586eb67d9fa33e69b207e177773e5bdb92af51386ad5a332630c5c71917f975db0a7ed68d2c93fe8f6d40672b7c2411191867cde38e43a0fcdcc29f851641e3c53becce69f597e9261fbae51dcdea7036d9cf3e42f67ceff0cfbb76f6886271b5b9652d016a28ca7a7792572bd838469cf26f10e332b787cf97ff25f966f49bc27ab2ad38f89541f1c709d216adc98b037c05f031bcaa7747b93e59e26db9ff97f53859c4581801a8e43463f34e95cae5aeeec98df22c440c12b2b4220e4c1dc42565fbc4dc1a65476961cfdeff17a21a4aba1823acc56586a23b5d0d1fd448f58d83ffe3c509b267e11f0adf5bffb6d2'}
2025-03-31 22:22:52 - INFO - 開始驗證區塊鏈...
2025-03-31 22:22:52 - DEBUG - 區塊 1 驗證成功
2025-03-31 22:22:52 - DEBUG - 區塊 2 驗證成功
2025-03-31 22:22:52 - DEBUG - 區塊 3 驗證成功
2025-03-31 22:22:52 - INFO - 區塊鏈驗證成功
2025-03-31 22:22:52 - DEBUG - 等待 9.70 秒...
2025-03-31 22:23:01 - DEBUG - 創建新交易：Party_0 -> Party_4，金額：34
2025-03-31 22:23:01 - DEBUG - 交易簽名成功：744dc82ace7a58be...
2025-03-31 22:23:01 - INFO - 參與者 Party_0 創建新交易
2025-03-31 22:23:01 - DEBUG - 新交易已加入交易池：{'sender': 'Party_0', 'receiver': 'Party_4', 'value': 34, 'timestamp': 1743430981.8639097, 'signature': '744dc82ace7a58be3a065761aba3f2ef13f5e9d8093b80e09de8f97064e511daf56c7973e4b00dc6a5f97cba116ae679b0151d9e4ca7cd1bb41dcedfbaa6c1641c0ca31b303e30621360b623b6152c6917884b96a06fcf1f9b57dc07e516bbd8e979eccd9509e1c405279f454b4e9c8d4f8823c52b7e2d3729d6d796814f6557e74112abf4f39da14e40744add25531288df9fa4ac37b356cc8c69add19f3a41bc7df9ed90cd1fd90d3a44b990c61ee616393e56d4ceaf32c465322f1534d81c3962750f9ac6cf93a021fb91392180fc1ca6e086b4f9e704177dd420480ceffd0deb0567322b1556c41e2beff6a1f7864d51902be7eb6463d424c259067f19b8'}
2025-03-31 22:23:01 - DEBUG - 等待 15.99 秒...
2025-03-31 22:23:17 - DEBUG - 創建新交易：Party_4 -> Party_1，金額：29
2025-03-31 22:23:17 - DEBUG - 交易簽名成功：45d7af6123658c0d...
2025-03-31 22:23:17 - INFO - 參與者 Party_4 創建新交易
2025-03-31 22:23:17 - DEBUG - 新交易已加入交易池：{'sender': 'Party_4', 'receiver': 'Party_1', 'value': 29, 'timestamp': 1743430997.8613703, 'signature': '45d7af6123658c0d41300b7ef959b2e4b77f5e50e6209e0958a36ef8b3ebcc5bc76a2c7b2b7b6ca7174a3be2bd1f199d669a74e663f71f135f23666e396a6437fdee714b2c9ee50fe4b2191718c6e4ab9e291a269ed9de42b1d96a83e13e256439d7a19aa215c655eee3db6991ac8f22fcb1ac8dace402ab531aedd0f3beb79a79595b7de577c454dcf9a9f32b0d59ab87264c1fab08fa4058a2fe70586c5d0896295faeaa7af06e345b7c2ed5df159902e15763a7d9ed29f43d31094530db22f1b1442adaaff43b89dca376b66724f47f59b14f4e2e3cd1326cfdf062144d89f30e1eb8f832ee8c116236b2a895e769d1eeca733b1c0aef5382f51a9f396714'}
2025-03-31 22:23:17 - DEBUG - 等待 9.32 秒...
2025-03-31 22:23:27 - DEBUG - 創建新交易：Party_3 -> Party_0，金額：59
2025-03-31 22:23:27 - DEBUG - 交易簽名成功：4c2f004b335b81e0...
2025-03-31 22:23:27 - INFO - 參與者 Party_3 創建新交易
2025-03-31 22:23:27 - DEBUG - 新交易已加入交易池：{'sender': 'Party_3', 'receiver': 'Party_0', 'value': 59, 'timestamp': 1743431007.1857083, 'signature': '4c2f004b335b81e00fa946d6cee76b66e36536c6f05e2589ac315b675a46203a9c7a56b55d7c857f2eb134caa4379b81be80cfe6cdbe0b69c990e9795e835f719382ec62fa0f85cc2c56a3e0acc5f803b36eaf3e4b2c9e5e53ea88b74977413af2361da7389ff42cadfd7276e712d2170c6300040bc22625b632eb5ea25480f7f86c4e48dc42d4537f5bca7de4f44a62cdacbe324a97811c3568bc5799b74d0c27b4374c93b9249b9d8e684eed0b1b592c75aaa3b589e19afad0b3502ad6b9f509c2a22dd04d48122797335f453b6fc9801191c292f92d20c1e53700dd10de30167b19ad6388c5c1d0a3daba0ead798d19f89c0e3a66ea061c8ebeb3da0a8650'}
2025-03-31 22:23:27 - DEBUG - 觸發挖礦條件：交易池已滿
2025-03-31 22:23:27 - DEBUG - 創建新區塊 4，包含 5 筆交易
2025-03-31 22:23:27 - INFO - 礦工 Party_3 (IP: 38.17.124.195) 開始挖礦區塊 4...
2025-03-31 22:23:27 - INFO - 區塊 4 挖礦成功，耗時：0.00秒，嘗試次數：88
2025-03-31 22:23:27 - DEBUG - 區塊 4 驗證成功
2025-03-31 22:23:27 - INFO - 區塊 4 挖礦並驗證成功
2025-03-31 22:23:27 - INFO - 嘗試添加區塊 4 到區塊鏈
2025-03-31 22:23:27 - DEBUG - 區塊 4 驗證成功
2025-03-31 22:23:27 - INFO - 成功添加區塊 4 到區塊鏈
2025-03-31 22:23:27 - INFO - 區塊 4 已添加到區塊鏈
2025-03-31 22:23:27 - DEBUG - 等待 8.03 秒...
2025-03-31 22:23:35 - DEBUG - 創建新交易：Party_2 -> Party_0，金額：9
2025-03-31 22:23:35 - DEBUG - 交易簽名成功：8d25b73e201a58e8...
2025-03-31 22:23:35 - INFO - 參與者 Party_2 創建新交易
2025-03-31 22:23:35 - DEBUG - 新交易已加入交易池：{'sender': 'Party_2', 'receiver': 'Party_0', 'value': 9, 'timestamp': 1743431015.230397, 'signature': '8d25b73e201a58e85974a80c72393d186a39a234e170aac713fb43460a339dd4d8d426bf3934f8c52876037c328239cf9fe6a00d97ca0df344e6d0cb9fcd54340791eae75d5b26dff6d3f04da948f92fb517ce3f3ac1514ee4552158cea3c1c1f88717c2f851fa603872e33257ecb5e910dae3693088e0478adc87da3bc72bcad135ddb96ace1c1512eac9ae677986ed6f1fe619c622b644bb7e02c32399a3d62fe9d1354fec2dcab0eb7ed7ea7045d9bc58d53a26ec5a557f87d009264e79ced566332473bdcfe27d6d1d801ab924bd3c9d0346336b61d04effedb7590132ba3a84fbb709cd49da08e025ef4bbcb593238ef4c7970eed7468a76eed45ba9952'}
2025-03-31 22:23:35 - DEBUG - 等待 14.64 秒...
2025-03-31 22:23:49 - DEBUG - 創建新交易：Party_0 -> Party_4，金額：9
2025-03-31 22:23:49 - DEBUG - 交易簽名成功：7d7402eb7838a3ae...
2025-03-31 22:23:49 - INFO - 參與者 Party_0 創建新交易
2025-03-31 22:23:49 - DEBUG - 新交易已加入交易池：{'sender': 'Party_0', 'receiver': 'Party_4', 'value': 9, 'timestamp': 1743431029.872471, 'signature': '7d7402eb7838a3ae3cfccd23ad7b22796d529c5a763b192a9888a7d6db6413688ea26c91eb419a206b438d4721ce209a2eabe287c5bde57d15c4712a8ec79f335297cf4d1b7e2f66efbf2abde7c47b67958b9f090f43095e2db0f10412d9b7eee57e11c6560d10baaf88905ef7d8323d82ef9eae467d3b2625ac0d72b40c753743eff5c1fdf006095e1d3aab164faf546c03eaa95319a175bf77aa544c81a9b55f46f009bc6c442887bb233f3f15b972852a04c038369ae154058a12081777fa6a8610373a9145766b23cfe45182dedd37ec74159a5d752a37d57a919d1d86dae1c71907230bcd62d05c9a2493432d521dcba9f5678eda4abf57dae9763e15be'}
2025-03-31 22:23:49 - DEBUG - 等待 15.24 秒...
2025-03-31 22:24:05 - DEBUG - 創建新交易：Party_2 -> Party_4，金額：55
2025-03-31 22:24:05 - DEBUG - 交易簽名成功：494ef9c0823b7ddd...
2025-03-31 22:24:05 - INFO - 參與者 Party_2 創建新交易
2025-03-31 22:24:05 - DEBUG - 新交易已加入交易池：{'sender': 'Party_2', 'receiver': 'Party_4', 'value': 55, 'timestamp': 1743431045.1164546, 'signature': '494ef9c0823b7ddd4faf4a83e961ba066e401b08f9d66bd7e30475261b36fc0e2e4e0c228eeeb532301a5b15c8492fb7f5fa175811cf3282ad9c2926c307867c553629a0192efc15ae8dbb9927a6ee7386d8ae495261590f2926a38c8d216439c6169f367e9abfd28f27228ff4fa740f0439ef6c856826cfe6df312c5d548d6ac9673120d098d283aece279a1a82a721589865afd6da962a0d65a131bf634d5379cda3d6f7150c060ba0b44a8dac721d98b6101a87c3f1d9f8e16f7ea7b3f910ac30a84735037e7455c3cdee1cdabe53a3c42e18274cba2b1c348139eb759b8225f536b9b6ea62bc18e29ed770c7eee7ebb1643b0f68cdce7ac69357eda947aa'}
2025-03-31 22:24:05 - DEBUG - 等待 15.02 秒...
2025-03-31 22:24:20 - DEBUG - 創建新交易：Party_2 -> Party_4，金額：55
2025-03-31 22:24:20 - DEBUG - 交易簽名成功：64e903a9ae0e42a4...
2025-03-31 22:24:20 - INFO - 參與者 Party_2 創建新交易
2025-03-31 22:24:20 - DEBUG - 新交易已加入交易池：{'sender': 'Party_2', 'receiver': 'Party_4', 'value': 55, 'timestamp': 1743431060.1347332, 'signature': '64e903a9ae0e42a4b63b02d21990ffe7383ccfb9a10fbb4c7d2a6b5c001210e987f4567f35cd8a32c4f82a661a91d2c5f20c151fe7430ab1d9d52a848d1090c3fc5cb318fcc064aba146d0fda16f58b65c218f1026126b4b635d0140d2a75c5e4891435c475b63a6a0529d779ecca0457b53113d353c031c68f6a0a0d7492fc1c03183547d5e229b15eae7294776634b1a985dbc89c65158bca234bf18d2b3578eb3d75225e9d4c097b62f92b13bc8f3d328fbc8ce6005cdebcaa23c93ad323ab8436d95ac2e88dd90d391526a41cee07aa853815d638164c345f4e41cf87c6310d87dd1b46c062226903866c7092d2f1d4daf8054a5ae38803b139f73156d9f'}
2025-03-31 22:24:20 - DEBUG - 等待 10.54 秒...
2025-03-31 22:24:30 - DEBUG - 創建新交易：Party_1 -> Party_0，金額：10
2025-03-31 22:24:30 - DEBUG - 交易簽名成功：4fa8fee6aef2af86...
2025-03-31 22:24:30 - INFO - 參與者 Party_1 創建新交易
2025-03-31 22:24:30 - DEBUG - 新交易已加入交易池：{'sender': 'Party_1', 'receiver': 'Party_0', 'value': 10, 'timestamp': 1743431070.673058, 'signature': '4fa8fee6aef2af86dcff52ae382aaaa8e2815aceedd5661ff9137fc4ccfc3f9d149472288fbb5335fb1cec196d775afb24ed12e0e0832c78f24a3a4dec240b740d255d151df2831273808b6355610f146a0e577da48bad8e9f1ffad0dfb0812354d3bf16df8f2c9079476d008dfc20d061dfb05ea43149c9dcffb5cc5a74143f7a4065e6b708e4b37f69aed2af67140f921788a3e1b577714bfbd4d37287e955ed8f57e1f4bc441dc11083c8d56f64e0f15d43f63b7663aec37ebb6cf624102accaf4554f82b11e522dc1613deeac370e15c3758976370f2f96b9148dc5ae7cfef9c2b5068252b01aea42a6a12a66b997cf1662d16e52d06d7a295b64d2ae9eb'}
2025-03-31 22:24:30 - DEBUG - 觸發挖礦條件：交易池已滿
2025-03-31 22:24:30 - DEBUG - 創建新區塊 5，包含 5 筆交易
2025-03-31 22:24:30 - INFO - 礦工 Party_3 (IP: 38.17.124.195) 開始挖礦區塊 5...
2025-03-31 22:24:30 - INFO - 區塊 5 挖礦成功，耗時：0.00秒，嘗試次數：112
2025-03-31 22:24:30 - DEBUG - 區塊 5 驗證成功
2025-03-31 22:24:30 - INFO - 區塊 5 挖礦並驗證成功
2025-03-31 22:24:30 - INFO - 嘗試添加區塊 5 到區塊鏈
2025-03-31 22:24:30 - DEBUG - 區塊 5 驗證成功
2025-03-31 22:24:30 - INFO - 成功添加區塊 5 到區塊鏈
2025-03-31 22:24:30 - INFO - 區塊 5 已添加到區塊鏈
2025-03-31 22:24:30 - DEBUG - 等待 4.03 秒...
2025-03-31 22:24:34 - DEBUG - 創建新交易：Party_0 -> Party_4，金額：55
2025-03-31 22:24:34 - DEBUG - 交易簽名成功：03072552a9ed5619...
2025-03-31 22:24:34 - INFO - 參與者 Party_0 創建新交易
2025-03-31 22:24:34 - DEBUG - 新交易已加入交易池：{'sender': 'Party_0', 'receiver': 'Party_4', 'value': 55, 'timestamp': 1743431074.7151103, 'signature': '03072552a9ed561991950429d02ea525a4585b53cc0faacbbffbd6a0623fc538a6452cf8f451e0d8de8d3b1fca91a049f51e5025a8bab1a0cc8a83185299cfe4ac88ef23295f31f6a56185ccea79b432f1fcb52c28ca48e2b415cca9d9883b03337f76c83a3863eec54d54deb21add32deb46e62f61026ae2bd437408cfc3eba296bd3ecbf2e3d36615a23d4943a9a3aa4b84c78fcd925bb6d722480f5b0e7399dba1540576e8ea9fe5a25e2a2812c4bf0df59fc5285e16b3d1ca7013fdda5f82237983bba6117b229d0e88679078e92a1448c2c27e391b5011f047fd8f75b6f09e796d0a2cc0c36eae84712b501e81dcb0956bb2571dbc9ff54d901316e3d2e'}
2025-03-31 22:24:34 - DEBUG - 等待 3.09 秒...
2025-03-31 22:24:37 - DEBUG - 參與者 Party_0 的交易冷卻時間未到
2025-03-31 22:24:37 - DEBUG - 等待 2.65 秒...
2025-03-31 22:24:40 - DEBUG - 參與者 Party_0 的交易冷卻時間未到
2025-03-31 22:24:40 - DEBUG - 等待 2.98 秒...
2025-03-31 22:24:43 - DEBUG - 創建新交易：Party_3 -> Party_2，金額：100
2025-03-31 22:24:43 - DEBUG - 交易簽名成功：14e2cfbc5abe69d0...
2025-03-31 22:24:43 - INFO - 參與者 Party_3 創建新交易
2025-03-31 22:24:43 - DEBUG - 新交易已加入交易池：{'sender': 'Party_3', 'receiver': 'Party_2', 'value': 100, 'timestamp': 1743431083.440587, 'signature': '14e2cfbc5abe69d020550b880f7e326747e63dd381a59a7008529384c51c4acd933ab938fedfee3718c75ed6105366a35ae985f864757b14e980535ed85a06ff5cdf0106bc22c31cb697f1c0f4bd2b387242553ae23eb6f1792f6c762cfe642ee2eb79117e0f26654dda3bc1ae489c33baa5fc1a4d29a9274ea22170de3df2502aa7483431352345d021c77355653abf9d1e9b3fdae4d56c30099a9520c7781a324eb0181340de6583b412282e17fbc3fa734ce5887545694cdf092fcb615448f8f597b8196b1978400556f6008526f9734d9477d5f62180311d9ff56c3ef3ecc031414d7e308389de1a204919e0231c77892031235fca0652e0046e70d3b22c'}
2025-03-31 22:24:43 - DEBUG - 等待 9.14 秒...
2025-03-31 22:24:52 - DEBUG - 創建新交易：Party_2 -> Party_0，金額：41
2025-03-31 22:24:52 - DEBUG - 交易簽名成功：616dd8b9e934e476...
2025-03-31 22:24:52 - INFO - 參與者 Party_2 創建新交易
2025-03-31 22:24:52 - DEBUG - 新交易已加入交易池：{'sender': 'Party_2', 'receiver': 'Party_0', 'value': 41, 'timestamp': 1743431092.5902824, 'signature': '616dd8b9e934e4764d29a6f27a24fc5a702cc3ec7c44a4da5e2352fa20bc34f669a6270e627e5c9dce2a076bad5173d05cd1786181c7c71c89102cacea5bb6d6a741a591a28fde39fb99019e7873eee33c35877621c780d50fcc68ce17983eace60f385048f643092403a7780aacf5aea45a5accd02a302f83719136bcc02f06a5c718c53c988c997d3a5ead972f7c81ad05fbdf3ac9eb6d5cbc6539c6b16f43ec3252a74d0929bb16f171f75f08ef222fd8598228a5eea7c70c7620c8623fa5b57d74b7a292dfe496455a7aadb77da9a2bb3f360d6a3be02146bec969b515ba1020195a0154b0ae28f33cb6d507acad4609e8f35bcaae566910542bd2cc4d74'}
2025-03-31 22:24:52 - DEBUG - 等待 7.99 秒...
2025-03-31 22:25:00 - DEBUG - 創建新交易：Party_3 -> Party_4，金額：38
2025-03-31 22:25:00 - DEBUG - 交易簽名成功：b90d0ac26be85e9c...
2025-03-31 22:25:00 - INFO - 參與者 Party_3 創建新交易
2025-03-31 22:25:00 - DEBUG - 新交易已加入交易池：{'sender': 'Party_3', 'receiver': 'Party_4', 'value': 38, 'timestamp': 1743431100.580392, 'signature': 'b90d0ac26be85e9c08fae2bb11d68cd7bfa695c0161336522034d42a1cf41b0b7ea92abbc688acd703c60b6bc3e15a0f595f0cc5081eca12723976fc67d4353219aea10c8a78084661ef15401816d39e2be50ad69061a5c48e19ea30c63e6894bbf8cf5872ed427c2e17ab147a14e1b80dda99b52754b8eab60c16b9cc1d7efea26d9b839a70e23ce83a53afea51bbb1325c597069561592421103a147b13a358d29e4e39569bcf798da0aa4efbb81a07794bce1b9e362dc1c883b368c2e31199b1af5bcb4fa0dd35264e03454fa09edc29d677090cfc8fcb836a4a3fd1eb6694cb3e17c2f8fe9b401d861849dcdd4598a43ba9b3843c03d19f95433dd44f2b2'}
2025-03-31 22:25:00 - DEBUG - 等待 12.55 秒...
2025-03-31 22:25:13 - DEBUG - 創建新交易：Party_4 -> Party_3，金額：14
2025-03-31 22:25:13 - DEBUG - 交易簽名成功：939458f5eb24234d...
2025-03-31 22:25:13 - INFO - 參與者 Party_4 創建新交易
2025-03-31 22:25:13 - DEBUG - 新交易已加入交易池：{'sender': 'Party_4', 'receiver': 'Party_3', 'value': 14, 'timestamp': 1743431113.1325665, 'signature': '939458f5eb24234deba143a5c4796c5f18c0d045121954979ada264dd47ed957b90d2a66f7569d94249329cbe93cbd17a88b2c8c87a373533d835aca06d92911974acae7b10061c97b6e13fe808e182b439a564e68d15b8730b62db23a76c4cf8b1c773efcfda0bcf15c1f72d1aa211177fc3ed8ee568a036c44da8aae5c12146cfea3b05ed12d28fd275df1baf16459542a667144f68c86de967c6baee0a5e0eb7f1387ba8a4fb9d2637711100715c15fb3aadd81bda9eb1bf99ba446906f4b8ac14fd59f6a71a20c1f1d0d43023fc6a926809c31f09995db71ffda3aedf68aed80c02e0e95b8adf4e962dff67978f4f8ba67bc56caac2599c15541d87d84a4'}
2025-03-31 22:25:13 - DEBUG - 觸發挖礦條件：交易池已滿
2025-03-31 22:25:13 - DEBUG - 創建新區塊 6，包含 5 筆交易
2025-03-31 22:25:13 - INFO - 礦工 Party_3 (IP: 38.17.124.195) 開始挖礦區塊 6...
2025-03-31 22:25:13 - INFO - 區塊 6 挖礦成功，耗時：0.00秒，嘗試次數：18
2025-03-31 22:25:13 - DEBUG - 區塊 6 驗證成功
2025-03-31 22:25:13 - INFO - 區塊 6 挖礦並驗證成功
2025-03-31 22:25:13 - INFO - 嘗試添加區塊 6 到區塊鏈
2025-03-31 22:25:13 - DEBUG - 區塊 6 驗證成功
2025-03-31 22:25:13 - INFO - 成功添加區塊 6 到區塊鏈
2025-03-31 22:25:13 - INFO - 區塊 6 已添加到區塊鏈
2025-03-31 22:25:13 - DEBUG - 等待 8.80 秒...
2025-03-31 22:25:21 - DEBUG - 參與者 Party_4 的交易冷卻時間未到
2025-03-31 22:25:21 - DEBUG - 等待 10.00 秒...
2025-03-31 22:25:31 - DEBUG - 創建新交易：Party_0 -> Party_4，金額：47
2025-03-31 22:25:31 - DEBUG - 交易簽名成功：84fdeacdc20ed357...
2025-03-31 22:25:31 - INFO - 參與者 Party_0 創建新交易
2025-03-31 22:25:31 - DEBUG - 新交易已加入交易池：{'sender': 'Party_0', 'receiver': 'Party_4', 'value': 47, 'timestamp': 1743431131.9387314, 'signature': '84fdeacdc20ed357c955a314d5769451b78d9c91dc218604d55ec01527bc26e61f097549a2408e0efc28bbf1e0bc2cb7eadd92cde9dd16bdb8ade42c7172c217aeccbb05f55953a3b732ab9959bcd9700af34ef9f620444a338a2411120542b34bd3117c111c3613227d075954ee2e6f3ecc57d8cf3c6d45a68c96c070cf7512fdaa9e630677b673fb3c969ea995dd54520f77f3844466c58e0a340cc474b224c89fc31a4392569def0750c4563530ec81b78e83d25ec0dbd185a4ce856a09f267c71ecaf72e23f0409c008c1f08f6328f38773989054a6b64b7e2011c23ed94e3be719026fac43902980aaa23bd755c07944e6a89f3040754e911df50745ea6'}
2025-03-31 22:25:31 - DEBUG - 等待 9.74 秒...
2025-03-31 22:25:41 - DEBUG - 創建新交易：Party_4 -> Party_0，金額：75
2025-03-31 22:25:41 - DEBUG - 交易簽名成功：0154a1de27c011e3...
2025-03-31 22:25:41 - INFO - 參與者 Party_4 創建新交易
2025-03-31 22:25:41 - DEBUG - 新交易已加入交易池：{'sender': 'Party_4', 'receiver': 'Party_0', 'value': 75, 'timestamp': 1743431141.683791, 'signature': '0154a1de27c011e3cb76b13c1fef0429d380701a6e5d703f1e7cafe7380bc00cddc603490e11f48855f0e9dfee1ec4c46ff3b9761ad933ef43e27d941bad9a7174e2426b702db32f6e5d76b1ee19858c63a30ff4bfa9c9dea23d31187331fe3407489c2e361b2050eecac5efb8e30d07cc307f305fe12ef200fb7a1dda7097b6467434dff9b71243260cda59941100d108c98293238ecd4fd7039321cf3b6f6acbb8d399bb2e7f54d589aa13708a5795e04912cc507e407165a88e84824efa8d1a81c6bf5593f22536f11b7473e08e40ae50f31de4c735c83bb0abd805aaa0f1c874e6eaee0dac59d3fe09457991b13a70295bedb7705b049d6c573419c0a33e'}
2025-03-31 22:25:41 - INFO - 開始驗證區塊鏈...
2025-03-31 22:25:41 - DEBUG - 區塊 1 驗證成功
2025-03-31 22:25:41 - DEBUG - 區塊 2 驗證成功
2025-03-31 22:25:41 - DEBUG - 區塊 3 驗證成功
2025-03-31 22:25:41 - DEBUG - 區塊 4 驗證成功
2025-03-31 22:25:41 - DEBUG - 區塊 5 驗證成功
2025-03-31 22:25:41 - DEBUG - 區塊 6 驗證成功
2025-03-31 22:25:41 - INFO - 區塊鏈驗證成功
2025-03-31 22:25:41 - DEBUG - 等待 3.20 秒...
2025-03-31 22:25:44 - DEBUG - 參與者 Party_4 的交易冷卻時間未到
2025-03-31 22:25:44 - DEBUG - 等待 14.38 秒...
2025-03-31 22:25:59 - DEBUG - 創建新交易：Party_1 -> Party_3，金額：27
2025-03-31 22:25:59 - DEBUG - 交易簽名成功：7ef1905b3971bba6...
2025-03-31 22:25:59 - INFO - 參與者 Party_1 創建新交易
2025-03-31 22:25:59 - DEBUG - 新交易已加入交易池：{'sender': 'Party_1', 'receiver': 'Party_3', 'value': 27, 'timestamp': 1743431159.2788026, 'signature': '7ef1905b3971bba665886a7502335a79460679676425ca49c2598dfbdf7d09ef27e738e9d423ad442e973c99312e53e99baab040a2c62978bbd3a163cd3a9d9d807c98091c205bb7412b478abfa7b2203bc906df16207fbfa01c1f0dd6d469bf7ea5e22e3eaad23590be012855651718c44e45e5429a4996f30fb5323ca99d5489e4ccb955d3d228fb4ca46dbe8c30a542c6bb6448fc3fb27bc46ba620314846a12dc1046e97070a8d56bb1f4d1c0d2734a55021e272c9fac9ea9468f5e7c2dc5e05ac03f0619a07d793a4bc4c336b6ced9cabd3bf5627ec860f863e5e1d0a96b7d1fb86369327ec60e64d2fa12b2f8f6ebedc459cda0306927806b2a61386e8'}
2025-03-31 22:25:59 - DEBUG - 等待 5.05 秒...
2025-03-31 22:26:04 - DEBUG - 參與者 Party_1 的交易冷卻時間未到
2025-03-31 22:26:04 - DEBUG - 等待 12.84 秒...
2025-03-31 22:26:17 - DEBUG - 創建新交易：Party_3 -> Party_4，金額：78
2025-03-31 22:26:17 - DEBUG - 交易簽名成功：1d8e31ca57def270...
2025-03-31 22:26:17 - INFO - 參與者 Party_3 創建新交易
2025-03-31 22:26:17 - DEBUG - 新交易已加入交易池：{'sender': 'Party_3', 'receiver': 'Party_4', 'value': 78, 'timestamp': 1743431177.1736042, 'signature': '1d8e31ca57def27059db395804c6183c883fe753e0161f16ca0d5c80c6db0aafb8754a4c5ff6e04e51eeb4f415e5eb18bca32e81c04c38f81eb294074d126166766ff029cd56f3d92cea347cc7a7a920daf82fffc704369094fcdb4da95f9db3c31eff5b68a012f3396a0b9a0648cf04403c724f817cfdd48be0bf58fcd3578f048c1c913bb521b160381c86d1ca548d09dc8d6a179d3c0ff91ba6eccc51f3664d3b184b0500d078269347cc2fdeb119bdcbb4c677e4ad4c0861a469425ba917f3ff3e4d2171618bc3aafa155b472560f9db4917d3c47cd13c5f6838e6a345709b071a670cc27d54af7932acae89daa376cd40f11aaf7135a4657dd38195a97d'}
2025-03-31 22:26:17 - DEBUG - 觸發挖礦條件：時間已到
2025-03-31 22:26:17 - DEBUG - 創建新區塊 7，包含 4 筆交易
2025-03-31 22:26:17 - INFO - 礦工 Party_3 (IP: 38.17.124.195) 開始挖礦區塊 7...
2025-03-31 22:26:17 - INFO - 區塊 7 挖礦成功，耗時：0.00秒，嘗試次數：129
2025-03-31 22:26:17 - DEBUG - 區塊 7 驗證成功
2025-03-31 22:26:17 - INFO - 區塊 7 挖礦並驗證成功
2025-03-31 22:26:17 - INFO - 嘗試添加區塊 7 到區塊鏈
2025-03-31 22:26:17 - DEBUG - 區塊 7 驗證成功
2025-03-31 22:26:17 - INFO - 成功添加區塊 7 到區塊鏈
2025-03-31 22:26:17 - INFO - 區塊 7 已添加到區塊鏈
2025-03-31 22:26:17 - DEBUG - 等待 2.43 秒...
2025-03-31 22:26:19 - DEBUG - 創建新交易：Party_4 -> Party_2，金額：100
2025-03-31 22:26:19 - DEBUG - 交易簽名成功：141eef653285d35e...
2025-03-31 22:26:19 - INFO - 參與者 Party_4 創建新交易
2025-03-31 22:26:19 - DEBUG - 新交易已加入交易池：{'sender': 'Party_4', 'receiver': 'Party_2', 'value': 100, 'timestamp': 1743431179.6290197, 'signature': '141eef653285d35e95d1c80b81466fc32b8ceaa52d8161f5454cb5bd5944b1ae3c78fd76712be06a06a8ff947fb7f856d256eebfc69676b261e7b572c700ef5f3a967287143fc37f18c5fd2bcc56b1c6409f6e3f5e5174be2055ca1ef2c22f3855565c823921616140cdb8429fa3e7c2a115560b41031e0a0d4f198473064dc24d8f90410686770f96cbce733839574d2362120210ff79e08f0d61c6c713795385b154a2f0db306ab8c4faea2ae29e0fef71c4b2577db6c0ec015259e9151af64e4cc9d85ddc553e17b362feb8e42ac084786a60b85e1ec55349ce7a6f282ae56d1727fd4ff76da09d97ca047db88d63e2e9ecccaf6c90e559920715ab2d6d62'}
2025-03-31 22:26:19 - DEBUG - 等待 4.90 秒...
2025-03-31 22:26:24 - DEBUG - 創建新交易：Party_3 -> Party_1，金額：4
2025-03-31 22:26:24 - DEBUG - 交易簽名成功：1831d5f5b58188a2...
2025-03-31 22:26:24 - INFO - 參與者 Party_3 創建新交易
2025-03-31 22:26:24 - DEBUG - 新交易已加入交易池：{'sender': 'Party_3', 'receiver': 'Party_1', 'value': 4, 'timestamp': 1743431184.535101, 'signature': '1831d5f5b58188a259d724d066ee131796e29f8be2669090a6115bd77af570d235523f6f525e771f0759c48a98c3ea7cf7e2e77b5530a134cd99f7e6512be0f5b90f7a299ac5532a62cc85cc2c9f29f17288f6e954285f4ab011f4dc6dcc09f04d6744f3956e272f1866ee19238d7ca2373a11fa29c0440254153bba28f1a0ed0b60f545d6afbc4ac27886ab8237197a2a5f45e344a379feb96a0fe25a4502862a098fb72f9d75d7c451140f2bbfdf56c1683ec8d4cf89abd82f6b13d52da8e350d08417748938469d7b3a36c8a9d351751a0dce9a000fc7c5eb88c12daac90fd8eac2a384b0012a49367c558614ab159cc41e20374dbb5c561ecafb8ffb4574'}
2025-03-31 22:26:24 - DEBUG - 等待 8.43 秒...
2025-03-31 22:26:32 - DEBUG - 創建新交易：Party_1 -> Party_3，金額：76
2025-03-31 22:26:32 - DEBUG - 交易簽名成功：a550010c1f605ac7...
2025-03-31 22:26:32 - INFO - 參與者 Party_1 創建新交易
2025-03-31 22:26:32 - DEBUG - 新交易已加入交易池：{'sender': 'Party_1', 'receiver': 'Party_3', 'value': 76, 'timestamp': 1743431192.9715602, 'signature': 'a550010c1f605ac79830025a20a87ddf3525bb77965345d4fa136829bdd1b3f5b6656b2d8af260f540f129e5ae2d2c761f65a0dc143397e65566325fd02d82c23b0017b5d35834821cea9db9ad3afd6e3f180f54563605a6d35aca0752496ed833cabd4b6ae212280ebc4744c863834d8c53fbae81216e380812101cc9cbf31ce95404f68b114de38b201a76059890f3e1382418ccc67ea8e9f2567d0bd01273a82fc88f2d837f1941877d8fc0e77d9da173d14ee0fe19d75bf7a6a2d3415705a3a090e4c839e8dcfdef0fe6fc1105cccc0d7a72838fbf5d0298b99d530469fa9b415b88d401c6499a5a4216b454642042262e151864d89991e9d1139d5181a5'}
2025-03-31 22:26:32 - DEBUG - 等待 1.43 秒...
2025-03-31 22:26:34 - DEBUG - 創建新交易：Party_2 -> Party_1，金額：51
2025-03-31 22:26:34 - DEBUG - 交易簽名成功：629c86a25a22f0d5...
2025-03-31 22:26:34 - INFO - 參與者 Party_2 創建新交易
2025-03-31 22:26:34 - DEBUG - 新交易已加入交易池：{'sender': 'Party_2', 'receiver': 'Party_1', 'value': 51, 'timestamp': 1743431194.4011672, 'signature': '629c86a25a22f0d599e1858b11a34d46921b5af5e23da5c84b00336bb3aa9d6a20ae948a606d46a10cc3a5a3173df325031c76ac9b5701a74482fcdd66fc5a751b92ec22053497e73c30b178080870f1f50b2172b2d9defa2844325e87873bc8402e7429826f7c766216cbbdb0bfe99f90b4b4e5fb2349285b623c4441ef1e9e010bd979dba81aa78ca24721a681b590036039d3eff5cc487d69d1ea7830d081fc4ecd674dcfd5d5057ae889b6a5b4a97a6b5d348a3eb6728f27d1b0df21794b0d2fede3726dc234039415c53b9663371f6449e4eb16294ffbfcd72cac0e5695ba762a59ba602c54dbd85187cfc76a6dcaf36e71e0154776721ecec462e10329'}
2025-03-31 22:26:34 - DEBUG - 等待 7.04 秒...
2025-03-31 22:26:41 - DEBUG - 創建新交易：Party_1 -> Party_2，金額：65
2025-03-31 22:26:41 - DEBUG - 交易簽名成功：5c5fdb263b699852...
2025-03-31 22:26:41 - INFO - 參與者 Party_1 創建新交易
2025-03-31 22:26:41 - DEBUG - 新交易已加入交易池：{'sender': 'Party_1', 'receiver': 'Party_2', 'value': 65, 'timestamp': 1743431201.4414265, 'signature': '5c5fdb263b699852833e752a6df5595a135771f438e58b42f498eb771c56b1d6fc3b1b8b5402baea7cbee658c408434f455ea9c1a711c976b88eaed8f986d3e939d2ec3d739983e1f1bd670d927b40517d0dc7518e59e904e8936f8df1a31b78309ae9c3246c251ac5390214138fd92d4421358bfa1ee4683b6c7cf03f67655ed15067bd716c63afc1fd0766f48e01ca1c207a99599e371b594859b09737c3890bb3ffed8b120e616b6d7edf7d8c4df82128167ac0bb5b6cca4911ca4601d1bcb82e020909a0efcc3eb22c902e9cd8d3cf6cf72c8b4df581568eefeacd5da576d9084d03af42b86599c779b2ac7ab5b3bd24693b695be267a22f9305c24be8cd'}
2025-03-31 22:26:41 - DEBUG - 觸發挖礦條件：交易池已滿
2025-03-31 22:26:41 - DEBUG - 創建新區塊 8，包含 5 筆交易
2025-03-31 22:26:41 - INFO - 礦工 Party_3 (IP: 38.17.124.195) 開始挖礦區塊 8...
2025-03-31 22:26:41 - INFO - 區塊 8 挖礦成功，耗時：0.01秒，嘗試次數：285
2025-03-31 22:26:41 - DEBUG - 區塊 8 驗證成功
2025-03-31 22:26:41 - INFO - 區塊 8 挖礦並驗證成功
2025-03-31 22:26:41 - INFO - 嘗試添加區塊 8 到區塊鏈
2025-03-31 22:26:41 - DEBUG - 區塊 8 驗證成功
2025-03-31 22:26:41 - INFO - 成功添加區塊 8 到區塊鏈
2025-03-31 22:26:41 - INFO - 區塊 8 已添加到區塊鏈
2025-03-31 22:26:41 - DEBUG - 等待 15.65 秒...
2025-03-31 22:26:57 - DEBUG - 創建新交易：Party_2 -> Party_4，金額：5
2025-03-31 22:26:57 - DEBUG - 交易簽名成功：0a2600f4538d66da...
2025-03-31 22:26:57 - INFO - 參與者 Party_2 創建新交易
2025-03-31 22:26:57 - DEBUG - 新交易已加入交易池：{'sender': 'Party_2', 'receiver': 'Party_4', 'value': 5, 'timestamp': 1743431217.1073856, 'signature': '0a2600f4538d66dae0132cc2ed220156efcfda665f0c29f8f0fdf9709cb0c288300203adad1374d04bd15555970cf548f0ed3f41c7b93b60aa31cf32cc07661c2a9b90cc19926b9404ae882d14ab95f8b18623dedc63ef5cdb973db04c52bf2ebae3da18e8e245706ea060f46ae7ce98d38209ccb24f2d92e291555c6abefd8449229a7c9c98b3483fe18fdee84f1ca500e9433a4cb95ecdeedf9bbc3ddbd0a44159e9cf89122a7b85c5b4812799d45bc212e9885dce82886c558a6ed1463c9e89622890656c7a237446bb080c3b5fa4e4064c19ad03b3e0ba930d4c173874da1c8d4f18dfa512c6a646c0a994717cfb8e4613adf04bdad70b0a821187647124'}
2025-03-31 22:26:57 - DEBUG - 等待 9.18 秒...
2025-03-31 22:27:06 - DEBUG - 創建新交易：Party_4 -> Party_1，金額：54
2025-03-31 22:27:06 - DEBUG - 交易簽名成功：9baa242f77f4db05...
2025-03-31 22:27:06 - INFO - 參與者 Party_4 創建新交易
2025-03-31 22:27:06 - DEBUG - 新交易已加入交易池：{'sender': 'Party_4', 'receiver': 'Party_1', 'value': 54, 'timestamp': 1743431226.2957942, 'signature': '9baa242f77f4db058065f6a3da55b7d6f478f9b867b1c3ee66fa43136bc4778e25c1fbfccaf6ab07d5e4da68fa52b388887d5b25c82116b45209a36ca3e656f3c57034f3dba8dd940591c1dc5218bf4a627a7005851ea5c4a72da189536157bdd0412595391246478154e33171a94b65e85250728c20053c49c6a95a62cec6fade7417d4d72d51fa6a76d1e414636073519c63190914f70f033d1a9e5303c8b51787c56a891df6c93b099bf899eeb974980a387a637339f1c04e7ce48a0683347f45df5bde52bf77ffe5a09a3db2eb3e391c9f17659ae875a5ebaa35fae9df0d34fb31027f90cf500af47021fa2342400d1f9a70a72c5456e808510d6e97ca1c'}
2025-03-31 22:27:06 - INFO - 開始驗證區塊鏈...
2025-03-31 22:27:06 - DEBUG - 區塊 1 驗證成功
2025-03-31 22:27:06 - DEBUG - 區塊 2 驗證成功
2025-03-31 22:27:06 - DEBUG - 區塊 3 驗證成功
2025-03-31 22:27:06 - DEBUG - 區塊 4 驗證成功
2025-03-31 22:27:06 - DEBUG - 區塊 5 驗證成功
2025-03-31 22:27:06 - DEBUG - 區塊 6 驗證成功
2025-03-31 22:27:06 - DEBUG - 區塊 7 驗證成功
2025-03-31 22:27:06 - DEBUG - 區塊 8 驗證成功
2025-03-31 22:27:06 - INFO - 區塊鏈驗證成功
2025-03-31 22:27:06 - DEBUG - 等待 12.41 秒...
2025-03-31 22:27:18 - DEBUG - 創建新交易：Party_3 -> Party_1，金額：82
2025-03-31 22:27:18 - DEBUG - 交易簽名成功：8793a154ebc381d8...
2025-03-31 22:27:18 - INFO - 參與者 Party_3 創建新交易
2025-03-31 22:27:18 - DEBUG - 新交易已加入交易池：{'sender': 'Party_3', 'receiver': 'Party_1', 'value': 82, 'timestamp': 1743431238.714266, 'signature': '8793a154ebc381d85350016decb37b93b63ca9bb74e04704e914bc03552308cde6648a8b3026dcd0da4c8807d5d0180d3a43af0877a7960ed52eb370fc88c62bba4a6501753649cfa2f5f2382ca1981d098d2b7684c4dc26df4be4e9b67701f2451844dd9c617defe031d267f05ab8f44d12cd6d0ceefa441b5137117b4ce7fc67fad3b9395e6c47e06650c1c478605368b41f7015ff36bd9a22380aff770770a5f7fcf2ffc1d6f6b80519c1306b86e10e17e54832af52ec42343311a21e2891c5d8ba3790153ef32441adc542c93852b998af73f41751bd6973adef5ea1690163b9d0a4ef9a881d7320d70e32766f3e7526d9bfba794be903e584aa64d09f83'}
2025-03-31 22:27:18 - DEBUG - 等待 9.11 秒...
2025-03-31 22:27:27 - DEBUG - 參與者 Party_3 的交易冷卻時間未到
2025-03-31 22:27:27 - DEBUG - 等待 2.71 秒...
2025-03-31 22:27:30 - DEBUG - 創建新交易：Party_4 -> Party_3，金額：74
2025-03-31 22:27:30 - DEBUG - 交易簽名成功：62ddff4ac338eb9e...
2025-03-31 22:27:30 - INFO - 參與者 Party_4 創建新交易
2025-03-31 22:27:30 - DEBUG - 新交易已加入交易池：{'sender': 'Party_4', 'receiver': 'Party_3', 'value': 74, 'timestamp': 1743431250.5441902, 'signature': '62ddff4ac338eb9e772d6fe09c7ed4e3f1fd6b7848d6ee02c380a9ce2f0761f1c1907bee45e1696b3f45eb8092894aa149b6f700d0f596861ab48a7a048b3fcc60780edd28a449a4cd6e8f0b1b1625ca1215bd03171f631b47cd74a7f56ae5c918500c78466b53879bf53c5127453eeb8a35e326d4b930c485164d33c90fa5ea5d12b64679c41f2a0be7108189265517854e61f8494cd7567a8f757ce6cf0023bce2e6ea0b65477323e16d85c17e413b88f895565791c30f1d8a5d9f75e3c1d2f9dd6fd6f8f1d70fcb5a7c70b1bae84f84530467f5c14cef4e943bac27891643f90e9792dcdb6e8d6240f9e38460fcb0937915b2291dbb51b3d8184ca084d43b'}
2025-03-31 22:27:30 - DEBUG - 等待 13.56 秒...
2025-03-31 22:27:44 - DEBUG - 參與者 Party_4 的交易冷卻時間未到
2025-03-31 22:27:44 - DEBUG - 觸發挖礦條件：時間已到
2025-03-31 22:27:44 - DEBUG - 創建新區塊 9，包含 4 筆交易
2025-03-31 22:27:44 - INFO - 礦工 Party_3 (IP: 38.17.124.195) 開始挖礦區塊 9...
2025-03-31 22:27:44 - INFO - 區塊 9 挖礦成功，耗時：0.00秒，嘗試次數：125
2025-03-31 22:27:44 - DEBUG - 區塊 9 驗證成功
2025-03-31 22:27:44 - INFO - 區塊 9 挖礦並驗證成功
2025-03-31 22:27:44 - INFO - 嘗試添加區塊 9 到區塊鏈
2025-03-31 22:27:44 - DEBUG - 區塊 9 驗證成功
2025-03-31 22:27:44 - INFO - 成功添加區塊 9 到區塊鏈
2025-03-31 22:27:44 - INFO - 區塊 9 已添加到區塊鏈
2025-03-31 22:27:44 - DEBUG - 等待 8.40 秒...
2025-03-31 22:27:52 - INFO - 區塊鏈模擬完成！總耗時：423.24秒
2025-03-31 22:27:52 - INFO - 總交易數：43
2025-03-31 22:27:52 - INFO - 總區塊數：10
2025-03-31 22:27:52 - INFO - 開始驗證區塊鏈...
2025-03-31 22:27:52 - DEBUG - 區塊 1 驗證成功
2025-03-31 22:27:52 - DEBUG - 區塊 2 驗證成功
2025-03-31 22:27:52 - DEBUG - 區塊 3 驗證成功
2025-03-31 22:27:52 - DEBUG - 區塊 4 驗證成功
2025-03-31 22:27:52 - DEBUG - 區塊 5 驗證成功
2025-03-31 22:27:52 - DEBUG - 區塊 6 驗證成功
2025-03-31 22:27:52 - DEBUG - 區塊 7 驗證成功
2025-03-31 22:27:52 - DEBUG - 區塊 8 驗證成功
2025-03-31 22:27:52 - DEBUG - 區塊 9 驗證成功
2025-03-31 22:27:52 - INFO - 區塊鏈驗證成功
2025-03-31 22:27:52 - INFO - 最終區塊鏈驗證結果：區塊鏈有效
